<?xml version="1.0" encoding="UTF-8"?>
<testsuite name="AppTest" tests="1" skipped="0" failures="0" errors="0" timestamp="2021-11-03T03:05:56" hostname="LTUCSTDTV-L197" time="0.003">
  <properties/>
  <testcase name="fizzBuzzTests" classname="AppTest" time="0.003"/>
  <system-out><![CDATA[]]></system-out>
  <system-err><![CDATA[]]></system-err>
</testsuite>
